2021-09-02 17:37:33,134 - INFO test_001_baiduSearch.py [line:22]: 
WebDriver 正在初始化...
2021-09-02 17:37:33,853 - INFO test_001_baiduSearch.py [line:24]: 打开链接: https://www.baidu.com...
2021-09-02 17:37:34,231 - INFO test_001_baiduSearch.py [line:29]: WebDriver 初始化完成！
2021-09-02 17:37:34,232 - INFO baiduIndex.py [line:24]: 【===搜索操作===】
2021-09-02 17:37:34,232 - INFO basePage.py [line:38]: 等待"搜索框"元素,定位方式:('id', 'kw')
2021-09-02 17:37:34,272 - INFO basePage.py [line:43]: 等待"搜索框"时长:0:00:00.040003
2021-09-02 17:37:34,273 - INFO basePage.py [line:73]: 查找"搜索框"元素，元素定位:('id', 'kw')
2021-09-02 17:37:34,284 - INFO basePage.py [line:98]: 在"搜索框"输入"阿崔",元素定位:('id', 'kw')
2021-09-02 17:37:34,368 - INFO basePage.py [line:73]: 查找"搜索框"元素，元素定位:('id', 'kw')
2021-09-02 17:37:34,376 - INFO basePage.py [line:111]: 清除"搜索框",元素定位:('id', 'kw')
2021-09-02 17:37:34,474 - INFO basePage.py [line:73]: 查找"搜索框"元素，元素定位:('id', 'kw')
2021-09-02 17:37:34,491 - INFO basePage.py [line:98]: 在"搜索框"输入"哈哈",元素定位:('id', 'kw')
2021-09-02 17:37:34,572 - INFO basePage.py [line:38]: 等待""百度一下"搜索按钮"元素,定位方式:('id', 'su')
2021-09-02 17:37:34,602 - INFO basePage.py [line:43]: 等待""百度一下"搜索按钮"时长:0:00:00.030002
2021-09-02 17:37:34,602 - INFO basePage.py [line:73]: 查找""百度一下"搜索按钮"元素，元素定位:('id', 'su')
2021-09-02 17:37:34,609 - INFO basePage.py [line:125]: 点击""百度一下"搜索按钮",元素定位:('id', 'su')
2021-09-02 17:37:38,177 - INFO baiduIndex.py [line:24]: 【===搜索操作===】
2021-09-02 17:37:38,178 - INFO basePage.py [line:38]: 等待"搜索框"元素,定位方式:('id', 'kw')
2021-09-02 17:37:38,198 - INFO basePage.py [line:43]: 等待"搜索框"时长:0:00:00.020001
2021-09-02 17:37:38,198 - INFO basePage.py [line:73]: 查找"搜索框"元素，元素定位:('id', 'kw')
2021-09-02 17:37:38,205 - INFO basePage.py [line:98]: 在"搜索框"输入"阿崔",元素定位:('id', 'kw')
2021-09-02 17:37:38,290 - INFO basePage.py [line:73]: 查找"搜索框"元素，元素定位:('id', 'kw')
2021-09-02 17:37:38,297 - INFO basePage.py [line:111]: 清除"搜索框",元素定位:('id', 'kw')
2021-09-02 17:37:38,322 - INFO basePage.py [line:73]: 查找"搜索框"元素，元素定位:('id', 'kw')
2021-09-02 17:37:38,335 - INFO basePage.py [line:98]: 在"搜索框"输入"呵呵",元素定位:('id', 'kw')
2021-09-02 17:37:38,379 - INFO basePage.py [line:38]: 等待""百度一下"搜索按钮"元素,定位方式:('id', 'su')
2021-09-02 17:37:38,401 - INFO basePage.py [line:43]: 等待""百度一下"搜索按钮"时长:0:00:00.022001
2021-09-02 17:37:38,401 - INFO basePage.py [line:73]: 查找""百度一下"搜索按钮"元素，元素定位:('id', 'su')
2021-09-02 17:37:38,412 - INFO basePage.py [line:125]: 点击""百度一下"搜索按钮",元素定位:('id', 'su')
2021-09-02 17:37:48,221 - INFO test_001_baiduSearch.py [line:33]: WebDriver 成功退出...
