2021-09-02 17:39:09,417 - INFO test_001_baiduSearch.py [line:22]: 
WebDriver 正在初始化...
2021-09-02 17:39:10,206 - INFO test_001_baiduSearch.py [line:24]: 打开链接: https://www.baidu.com...
2021-09-02 17:39:10,552 - INFO test_001_baiduSearch.py [line:29]: WebDriver 初始化完成！
2021-09-02 17:39:10,554 - INFO baiduIndex.py [line:24]: 【===搜索操作===】
2021-09-02 17:39:10,554 - INFO basePage.py [line:38]: 等待"搜索框"元素,定位方式:('id', 'kw')
2021-09-02 17:39:10,621 - INFO basePage.py [line:43]: 等待"搜索框"时长:0:00:00.067004
2021-09-02 17:39:10,622 - INFO basePage.py [line:73]: 查找"搜索框"元素，元素定位:('id', 'kw')
2021-09-02 17:39:10,632 - INFO basePage.py [line:98]: 在"搜索框"输入"阿崔",元素定位:('id', 'kw')
2021-09-02 17:39:10,726 - INFO basePage.py [line:73]: 查找"搜索框"元素，元素定位:('id', 'kw')
2021-09-02 17:39:10,750 - INFO basePage.py [line:111]: 清除"搜索框",元素定位:('id', 'kw')
2021-09-02 17:39:10,920 - INFO basePage.py [line:73]: 查找"搜索框"元素，元素定位:('id', 'kw')
2021-09-02 17:39:10,928 - INFO basePage.py [line:98]: 在"搜索框"输入"哈哈",元素定位:('id', 'kw')
2021-09-02 17:39:10,986 - INFO basePage.py [line:38]: 等待""百度一下"搜索按钮"元素,定位方式:('id', 'su')
2021-09-02 17:39:11,014 - INFO basePage.py [line:43]: 等待""百度一下"搜索按钮"时长:0:00:00.028002
2021-09-02 17:39:11,015 - INFO basePage.py [line:73]: 查找""百度一下"搜索按钮"元素，元素定位:('id', 'su')
2021-09-02 17:39:11,021 - INFO basePage.py [line:125]: 点击""百度一下"搜索按钮",元素定位:('id', 'su')
2021-09-02 17:39:14,585 - INFO baiduIndex.py [line:24]: 【===搜索操作===】
2021-09-02 17:39:14,585 - INFO basePage.py [line:38]: 等待"搜索框"元素,定位方式:('id', 'kw')
2021-09-02 17:39:14,607 - INFO basePage.py [line:43]: 等待"搜索框"时长:0:00:00.022002
2021-09-02 17:39:14,608 - INFO basePage.py [line:73]: 查找"搜索框"元素，元素定位:('id', 'kw')
2021-09-02 17:39:14,616 - INFO basePage.py [line:98]: 在"搜索框"输入"阿崔",元素定位:('id', 'kw')
2021-09-02 17:39:14,719 - INFO basePage.py [line:73]: 查找"搜索框"元素，元素定位:('id', 'kw')
2021-09-02 17:39:14,730 - INFO basePage.py [line:111]: 清除"搜索框",元素定位:('id', 'kw')
2021-09-02 17:39:14,770 - INFO basePage.py [line:73]: 查找"搜索框"元素，元素定位:('id', 'kw')
2021-09-02 17:39:14,784 - INFO basePage.py [line:98]: 在"搜索框"输入"呵呵",元素定位:('id', 'kw')
2021-09-02 17:39:14,918 - INFO basePage.py [line:38]: 等待""百度一下"搜索按钮"元素,定位方式:('id', 'su')
2021-09-02 17:39:14,949 - INFO basePage.py [line:43]: 等待""百度一下"搜索按钮"时长:0:00:00.030002
2021-09-02 17:39:14,949 - INFO basePage.py [line:73]: 查找""百度一下"搜索按钮"元素，元素定位:('id', 'su')
2021-09-02 17:39:14,960 - INFO basePage.py [line:125]: 点击""百度一下"搜索按钮",元素定位:('id', 'su')
2021-09-02 17:39:20,483 - INFO test_001_baiduSearch.py [line:32]: WebDriver 成功退出...
