2021-09-03 10:02:33,363 - INFO test_001_baiduSearch.py [line:22]: 
WebDriver 正在初始化...
2021-09-03 10:02:34,146 - INFO test_001_baiduSearch.py [line:24]: 打开链接: https://www.baidu.com...
2021-09-03 10:02:34,555 - INFO test_001_baiduSearch.py [line:29]: WebDriver 初始化完成！
2021-09-03 10:02:34,557 - INFO baiduIndex.py [line:24]: 【===搜索操作===】
2021-09-03 10:02:34,557 - INFO basePage.py [line:38]: 等待"搜索框"元素,定位方式:('id', 'kw')
2021-09-03 10:02:34,595 - INFO basePage.py [line:43]: 等待"搜索框"时长:0:00:00.038002
2021-09-03 10:02:34,596 - INFO basePage.py [line:73]: 查找"搜索框"元素，元素定位:('id', 'kw')
2021-09-03 10:02:34,606 - INFO basePage.py [line:98]: 在"搜索框"输入"阿崔",元素定位:('id', 'kw')
2021-09-03 10:02:34,717 - INFO basePage.py [line:73]: 查找"搜索框"元素，元素定位:('id', 'kw')
2021-09-03 10:02:34,725 - INFO basePage.py [line:111]: 清除"搜索框",元素定位:('id', 'kw')
2021-09-03 10:02:34,846 - INFO basePage.py [line:73]: 查找"搜索框"元素，元素定位:('id', 'kw')
2021-09-03 10:02:34,858 - INFO basePage.py [line:98]: 在"搜索框"输入"哈哈",元素定位:('id', 'kw')
2021-09-03 10:02:34,914 - INFO basePage.py [line:38]: 等待""百度一下"搜索按钮"元素,定位方式:('id', 'su')
2021-09-03 10:02:34,946 - INFO basePage.py [line:43]: 等待""百度一下"搜索按钮"时长:0:00:00.031002
2021-09-03 10:02:34,946 - INFO basePage.py [line:73]: 查找""百度一下"搜索按钮"元素，元素定位:('id', 'su')
2021-09-03 10:02:34,953 - INFO basePage.py [line:125]: 点击""百度一下"搜索按钮",元素定位:('id', 'su')
2021-09-03 10:02:38,145 - INFO baiduIndex.py [line:24]: 【===搜索操作===】
2021-09-03 10:02:38,145 - INFO basePage.py [line:38]: 等待"搜索框"元素,定位方式:('id', 'kw')
2021-09-03 10:02:38,177 - INFO basePage.py [line:43]: 等待"搜索框"时长:0:00:00.032002
2021-09-03 10:02:38,177 - INFO basePage.py [line:73]: 查找"搜索框"元素，元素定位:('id', 'kw')
2021-09-03 10:02:38,185 - INFO basePage.py [line:98]: 在"搜索框"输入"阿崔",元素定位:('id', 'kw')
2021-09-03 10:02:38,257 - INFO basePage.py [line:73]: 查找"搜索框"元素，元素定位:('id', 'kw')
2021-09-03 10:02:38,265 - INFO basePage.py [line:111]: 清除"搜索框",元素定位:('id', 'kw')
2021-09-03 10:02:38,291 - INFO basePage.py [line:73]: 查找"搜索框"元素，元素定位:('id', 'kw')
2021-09-03 10:02:38,299 - INFO basePage.py [line:98]: 在"搜索框"输入"呵呵",元素定位:('id', 'kw')
2021-09-03 10:02:38,366 - INFO basePage.py [line:38]: 等待""百度一下"搜索按钮"元素,定位方式:('id', 'su')
2021-09-03 10:02:38,407 - INFO basePage.py [line:43]: 等待""百度一下"搜索按钮"时长:0:00:00.041003
2021-09-03 10:02:38,407 - INFO basePage.py [line:73]: 查找""百度一下"搜索按钮"元素，元素定位:('id', 'su')
2021-09-03 10:02:38,423 - INFO basePage.py [line:125]: 点击""百度一下"搜索按钮",元素定位:('id', 'su')
2021-09-03 10:02:44,716 - INFO test_001_baiduSearch.py [line:32]: WebDriver 成功退出...
